<?xml version="1.0" encoding="UTF-8"?>
<!-- Generated by org.testng.reporters.JUnitXMLReporter -->
<testsuite hostname="GGN000201150001" ignored="0" name="Default test" tests="19" failures="0" timestamp="2020-04-26T20:11:43 IST" time="27.212" errors="0">
  <testcase name="enterNewEmailAddress" time="0.313" classname="com.automation.qa.testcases.SignUpPageTest"/>
  <testcase name="validateSignUpPageTitle" time="0.007" classname="com.automation.qa.testcases.SignUpPageTest"/>
  <testcase name="validateSignUpPageHeaderText" time="0.038" classname="com.automation.qa.testcases.SignUpPageTest"/>
  <testcase name="customertitleSelectMale" time="2.479" classname="com.automation.qa.testcases.SignUpPageTest"/>
  <testcase name="enterCustomerFirstName" time="0.046" classname="com.automation.qa.testcases.SignUpPageTest"/>
  <testcase name="enterCustomerLastName" time="0.029" classname="com.automation.qa.testcases.SignUpPageTest"/>
  <testcase name="enterCustomerPassword" time="0.034" classname="com.automation.qa.testcases.SignUpPageTest"/>
  <testcase name="enterDateOfBirth" time="0.312" classname="com.automation.qa.testcases.SignUpPageTest"/>
  <testcase name="enterMonthOfBirth" time="0.258" classname="com.automation.qa.testcases.SignUpPageTest"/>
  <testcase name="enterYearOfBirth" time="0.275" classname="com.automation.qa.testcases.SignUpPageTest"/>
  <testcase name="enterAddressLine1" time="0.027" classname="com.automation.qa.testcases.SignUpPageTest"/>
  <testcase name="enterCityName" time="0.022" classname="com.automation.qa.testcases.SignUpPageTest"/>
  <testcase name="enterStateName" time="0.256" classname="com.automation.qa.testcases.SignUpPageTest"/>
  <testcase name="selectCountryName" time="0.036" classname="com.automation.qa.testcases.SignUpPageTest"/>
  <testcase name="enterPostalCode" time="0.02" classname="com.automation.qa.testcases.SignUpPageTest"/>
  <testcase name="enterMobileNumber" time="0.032" classname="com.automation.qa.testcases.SignUpPageTest"/>
  <testcase name="addressReferenceName" time="0.03" classname="com.automation.qa.testcases.SignUpPageTest"/>
  <testcase name="clickOnRegisterButton" time="1.871" classname="com.automation.qa.testcases.SignUpPageTest"/>
  <testcase name="testTileOfMyAccountsPage" time="0.005" classname="com.automation.qa.testcases.SignUpPageTest"/>
</testsuite> <!-- Default test -->
