<?xml version="1.0" encoding="UTF-8"?>
<!-- Generated by org.testng.reporters.JUnitXMLReporter -->
<testsuite hostname="GGN000201150001" ignored="1" name="HomePageTest" tests="2" failures="0" timestamp="2020-05-12T14:36:59 IST" time="31.791" errors="0">
  <testcase name="validateHomePageLogo" time="0.048" classname="com.automation.qa.testcases.HomePageTest"/>
  <testcase name="validateContatNumber" time="5.036" classname="com.automation.qa.testcases.HomePageTest"/>
  <testcase name="validateBrokenLinksTest" time="0.0" classname="com.automation.qa.testcases.HomePageTest">
    <ignored/>
  </testcase> <!-- validateBrokenLinksTest -->
</testsuite> <!-- HomePageTest -->
