<?xml version="1.0" encoding="UTF-8"?>
<!-- Generated by org.testng.reporters.JUnitXMLReporter -->
<testsuite hostname="GGN000201150001" ignored="0" name="LandingPageTest" tests="3" failures="0" timestamp="2020-04-27T14:13:01 IST" time="45.173" errors="0">
  <testcase name="landingPageTitleTest" time="0.016" classname="com.automation.qa.testcases.LandingPageTest"/>
  <testcase name="siteLogoTest" time="0.046" classname="com.automation.qa.testcases.LandingPageTest"/>
  <testcase name="loginClick" time="2.515" classname="com.automation.qa.testcases.LandingPageTest"/>
</testsuite> <!-- LandingPageTest -->
