<?xml version="1.0" encoding="UTF-8"?>
<!-- Generated by org.testng.reporters.JUnitXMLReporter -->
<testsuite hostname="GGN000201150001" ignored="0" name="LandingPageTest" tests="3" failures="0" timestamp="2020-05-12T14:34:58 IST" time="62.631" errors="0">
  <testcase name="landingPageTitleTest" time="0.023" classname="com.automation.qa.testcases.LandingPageTest"/>
  <testcase name="siteLogoTest" time="0.076" classname="com.automation.qa.testcases.LandingPageTest"/>
  <testcase name="loginClick" time="1.361" classname="com.automation.qa.testcases.LandingPageTest"/>
</testsuite> <!-- LandingPageTest -->
