<?xml version="1.0" encoding="UTF-8"?>
<!-- Generated by org.testng.reporters.JUnitXMLReporter -->
<testsuite hostname="GGN000201150001" ignored="0" name="LoginPageTest" tests="4" failures="1" timestamp="2020-06-29T23:32:59 IST" time="20.407" errors="0">
  <testcase name="validateTitle" time="0.023" classname="com.automation.qa.testcases.LoginPageTest">
    <failure type="java.lang.AssertionError" message="expected [Login - My Storee] but found [Login - My Store]">
      <![CDATA[java.lang.AssertionError: expected [Login - My Storee] but found [Login - My Store]
at com.automation.qa.testcases.LoginPageTest.validateTitle(LoginPageTest.java:39)
at java.util.ArrayList.forEach(ArrayList.java:1257)
... Removed 32 stack frames]]>
    </failure>
  </testcase> <!-- validateTitle -->
  <testcase name="enterEmailid" time="1.275" classname="com.automation.qa.testcases.LoginPageTest"/>
  <testcase name="enterPassword" time="0.184" classname="com.automation.qa.testcases.LoginPageTest"/>
  <testcase name="clickSignButton" time="1.849" classname="com.automation.qa.testcases.LoginPageTest"/>
</testsuite> <!-- LoginPageTest -->
