<?xml version="1.0" encoding="UTF-8"?>
<!-- Generated by org.testng.reporters.JUnitXMLReporter -->
<testsuite hostname="GGN000201150001" ignored="0" name="LoginPageNegativeTest" tests="5" failures="0" timestamp="2020-05-12T14:36:00 IST" time="25.099" errors="0">
  <testcase name="validateTitle" time="0.016" classname="com.automation.qa.testcases.LoginPageNegativeTest"/>
  <testcase name="enterEmailid" time="1.381" classname="com.automation.qa.testcases.LoginPageNegativeTest"/>
  <testcase name="enterPassword" time="0.178" classname="com.automation.qa.testcases.LoginPageNegativeTest"/>
  <testcase name="clickSignButton" time="1.581" classname="com.automation.qa.testcases.LoginPageNegativeTest"/>
  <testcase name="inValidEmailTextDispalyed" time="0.04" classname="com.automation.qa.testcases.LoginPageNegativeTest"/>
</testsuite> <!-- LoginPageNegativeTest -->
