<?xml version="1.0" encoding="UTF-8"?>
<!-- Generated by org.testng.reporters.JUnitXMLReporter -->
<testsuite hostname="GGN000201150001" ignored="0" name="SignUpPageTest" tests="20" failures="0" timestamp="2020-04-27T14:14:44 IST" time="35.798" errors="0">
  <testcase name="enterNewEmailAddress" time="0.328" classname="com.automation.qa.testcases.SignUpPageTest"/>
  <testcase name="validateSignUpPageTitle" time="0.005" classname="com.automation.qa.testcases.SignUpPageTest"/>
  <testcase name="validateSignUpPageHeaderText" time="0.028" classname="com.automation.qa.testcases.SignUpPageTest"/>
  <testcase name="customertitleSelectMale" time="3.134" classname="com.automation.qa.testcases.SignUpPageTest"/>
  <testcase name="enterCustomerFirstName" time="0.034" classname="com.automation.qa.testcases.SignUpPageTest"/>
  <testcase name="enterCustomerLastName" time="0.039" classname="com.automation.qa.testcases.SignUpPageTest"/>
  <testcase name="enterCustomerPassword" time="0.037" classname="com.automation.qa.testcases.SignUpPageTest"/>
  <testcase name="enterDateOfBirth" time="0.305" classname="com.automation.qa.testcases.SignUpPageTest"/>
  <testcase name="enterMonthOfBirth" time="0.256" classname="com.automation.qa.testcases.SignUpPageTest"/>
  <testcase name="enterYearOfBirth" time="0.246" classname="com.automation.qa.testcases.SignUpPageTest"/>
  <testcase name="enterAddressLine1" time="0.025" classname="com.automation.qa.testcases.SignUpPageTest"/>
  <testcase name="enterCityName" time="0.027" classname="com.automation.qa.testcases.SignUpPageTest"/>
  <testcase name="enterStateName" time="0.261" classname="com.automation.qa.testcases.SignUpPageTest"/>
  <testcase name="selectCountryName" time="0.031" classname="com.automation.qa.testcases.SignUpPageTest"/>
  <testcase name="enterPostalCode" time="0.026" classname="com.automation.qa.testcases.SignUpPageTest"/>
  <testcase name="enterMobileNumber" time="0.035" classname="com.automation.qa.testcases.SignUpPageTest"/>
  <testcase name="addressReferenceName" time="0.038" classname="com.automation.qa.testcases.SignUpPageTest"/>
  <testcase name="clickOnRegisterButton" time="2.174" classname="com.automation.qa.testcases.SignUpPageTest"/>
  <testcase name="testTileOfMyAccountsPage" time="0.011" classname="com.automation.qa.testcases.SignUpPageTest"/>
  <testcase name="validateUserName" time="0.022" classname="com.automation.qa.testcases.SignUpPageTest"/>
</testsuite> <!-- SignUpPageTest -->
