<?xml version="1.0" encoding="UTF-8"?>
<!-- Generated by org.testng.reporters.JUnitXMLReporter -->
<testsuite hostname="GGN000201150001" ignored="0" name="Test" tests="12" failures="0" timestamp="2020-04-25T23:21:51 IST" time="91.006" errors="0">
  <testcase name="validateTitle" time="0.016" classname="com.automation.qa.testcases.LoginPageTest"/>
  <testcase name="enterEmailid" time="0.072" classname="com.automation.qa.testcases.LoginPageTest"/>
  <testcase name="enterPassword" time="0.048" classname="com.automation.qa.testcases.LoginPageTest"/>
  <testcase name="clickSignButton" time="2.329" classname="com.automation.qa.testcases.LoginPageTest"/>
  <testcase name="validateTitle" time="0.007" classname="com.automation.qa.testcases.LoginPageNegativeTest"/>
  <testcase name="enterEmailid" time="0.032" classname="com.automation.qa.testcases.LoginPageNegativeTest"/>
  <testcase name="enterPassword" time="0.048" classname="com.automation.qa.testcases.LoginPageNegativeTest"/>
  <testcase name="clickSignButton" time="1.274" classname="com.automation.qa.testcases.LoginPageNegativeTest"/>
  <testcase name="inValidEmailTextDispalyed" time="0.083" classname="com.automation.qa.testcases.LoginPageNegativeTest"/>
  <testcase name="landingPageTitleTest" time="0.007" classname="com.automation.qa.testcases.LandingPageTest"/>
  <testcase name="siteLogoTest" time="0.04" classname="com.automation.qa.testcases.LandingPageTest"/>
  <testcase name="loginClick" time="3.141" classname="com.automation.qa.testcases.LandingPageTest"/>
</testsuite> <!-- Test -->
