<?xml version="1.0" encoding="UTF-8"?>
<!-- Generated by org.testng.reporters.JUnitXMLReporter -->
<testsuite hostname="GGN000201150001" ignored="1" name="HomePageTest" tests="2" failures="0" timestamp="2020-04-28T17:07:46 IST" time="22.713" errors="0">
  <testcase name="validateHomePageLogo" time="0.043" classname="com.automation.qa.testcases.HomePageTest"/>
  <testcase name="validateContatNumber" time="0.027" classname="com.automation.qa.testcases.HomePageTest"/>
  <testcase name="validateBrokenLinksTest" time="0.0" classname="com.automation.qa.testcases.HomePageTest">
    <ignored/>
  </testcase> <!-- validateBrokenLinksTest -->
</testsuite> <!-- HomePageTest -->
