<?xml version="1.0" encoding="UTF-8"?>
<!-- Generated by org.testng.reporters.JUnitXMLReporter -->
<testsuite hostname="GGN000201150001" ignored="0" name="LoginPageTest" tests="4" failures="0" timestamp="2020-04-28T17:06:43 IST" time="19.407" errors="0">
  <testcase name="validateTitle" time="0.015" classname="com.automation.qa.testcases.LoginPageTest"/>
  <testcase name="enterEmailid" time="1.214" classname="com.automation.qa.testcases.LoginPageTest"/>
  <testcase name="enterPassword" time="0.116" classname="com.automation.qa.testcases.LoginPageTest"/>
  <testcase name="clickSignButton" time="2.231" classname="com.automation.qa.testcases.LoginPageTest"/>
</testsuite> <!-- LoginPageTest -->
