<?xml version="1.0" encoding="UTF-8"?>
<!-- Generated by org.testng.reporters.JUnitXMLReporter -->
<testsuite hostname="GGN000201150001" ignored="0" name="LoginPageTest" tests="4" failures="0" timestamp="2020-04-27T16:05:07 IST" time="33.898" errors="0">
  <testcase name="validateTitle" time="0.014" classname="com.automation.qa.testcases.LoginPageTest"/>
  <testcase name="enterEmailid" time="1.936" classname="com.automation.qa.testcases.LoginPageTest"/>
  <testcase name="enterPassword" time="0.132" classname="com.automation.qa.testcases.LoginPageTest"/>
  <testcase name="clickSignButton" time="2.217" classname="com.automation.qa.testcases.LoginPageTest"/>
</testsuite> <!-- LoginPageTest -->
