<?xml version="1.0" encoding="UTF-8"?>
<!-- Generated by org.testng.reporters.JUnitXMLReporter -->
<testsuite hostname="GGN000201150001" ignored="0" name="LoginPageNegativeTest" tests="5" failures="0" timestamp="2020-04-27T16:05:39 IST" time="31.978" errors="0">
  <testcase name="validateTitle" time="0.033" classname="com.automation.qa.testcases.LoginPageNegativeTest"/>
  <testcase name="enterEmailid" time="1.65" classname="com.automation.qa.testcases.LoginPageNegativeTest"/>
  <testcase name="enterPassword" time="0.15" classname="com.automation.qa.testcases.LoginPageNegativeTest"/>
  <testcase name="clickSignButton" time="2.092" classname="com.automation.qa.testcases.LoginPageNegativeTest"/>
  <testcase name="inValidEmailTextDispalyed" time="0.069" classname="com.automation.qa.testcases.LoginPageNegativeTest"/>
</testsuite> <!-- LoginPageNegativeTest -->
