<?xml version="1.0" encoding="UTF-8"?>
<!-- Generated by org.testng.reporters.JUnitXMLReporter -->
<testsuite hostname="GGN000201150001" ignored="0" name="LoginPageNegativeTest" tests="5" failures="0" timestamp="2020-04-28T17:07:00 IST" time="17.614" errors="0">
  <testcase name="validateTitle" time="0.011" classname="com.automation.qa.testcases.LoginPageNegativeTest"/>
  <testcase name="enterEmailid" time="0.891" classname="com.automation.qa.testcases.LoginPageNegativeTest"/>
  <testcase name="enterPassword" time="0.131" classname="com.automation.qa.testcases.LoginPageNegativeTest"/>
  <testcase name="clickSignButton" time="1.174" classname="com.automation.qa.testcases.LoginPageNegativeTest"/>
  <testcase name="inValidEmailTextDispalyed" time="0.04" classname="com.automation.qa.testcases.LoginPageNegativeTest"/>
</testsuite> <!-- LoginPageNegativeTest -->
