<?xml version="1.0" encoding="UTF-8"?>
<!-- Generated by org.testng.reporters.JUnitXMLReporter -->
<testsuite hostname="GGN000201150001" ignored="0" name="SignUpPageTest" tests="20" failures="0" timestamp="2020-04-28T17:07:24 IST" time="23.081" errors="0">
  <testcase name="enterNewEmailAddress" time="1.223" classname="com.automation.qa.testcases.SignUpPageTest"/>
  <testcase name="validateSignUpPageTitle" time="0.008" classname="com.automation.qa.testcases.SignUpPageTest"/>
  <testcase name="validateSignUpPageHeaderText" time="0.036" classname="com.automation.qa.testcases.SignUpPageTest"/>
  <testcase name="customertitleSelectMale" time="1.62" classname="com.automation.qa.testcases.SignUpPageTest"/>
  <testcase name="enterCustomerFirstName" time="0.111" classname="com.automation.qa.testcases.SignUpPageTest"/>
  <testcase name="enterCustomerLastName" time="0.119" classname="com.automation.qa.testcases.SignUpPageTest"/>
  <testcase name="enterCustomerPassword" time="0.136" classname="com.automation.qa.testcases.SignUpPageTest"/>
  <testcase name="enterDateOfBirth" time="0.178" classname="com.automation.qa.testcases.SignUpPageTest"/>
  <testcase name="enterMonthOfBirth" time="0.11" classname="com.automation.qa.testcases.SignUpPageTest"/>
  <testcase name="enterYearOfBirth" time="0.094" classname="com.automation.qa.testcases.SignUpPageTest"/>
  <testcase name="enterAddressLine1" time="0.147" classname="com.automation.qa.testcases.SignUpPageTest"/>
  <testcase name="enterCityName" time="0.096" classname="com.automation.qa.testcases.SignUpPageTest"/>
  <testcase name="enterStateName" time="0.093" classname="com.automation.qa.testcases.SignUpPageTest"/>
  <testcase name="selectCountryName" time="0.063" classname="com.automation.qa.testcases.SignUpPageTest"/>
  <testcase name="enterPostalCode" time="0.11" classname="com.automation.qa.testcases.SignUpPageTest"/>
  <testcase name="enterMobileNumber" time="0.137" classname="com.automation.qa.testcases.SignUpPageTest"/>
  <testcase name="addressReferenceName" time="0.122" classname="com.automation.qa.testcases.SignUpPageTest"/>
  <testcase name="clickOnRegisterButton" time="2.559" classname="com.automation.qa.testcases.SignUpPageTest"/>
  <testcase name="testTileOfMyAccountsPage" time="0.012" classname="com.automation.qa.testcases.SignUpPageTest"/>
  <testcase name="validateUserName" time="0.033" classname="com.automation.qa.testcases.SignUpPageTest"/>
</testsuite> <!-- SignUpPageTest -->
