<?xml version="1.0" encoding="UTF-8"?>
<testng-results skipped="0" failed="0" ignored="0" total="32" passed="32">
  <reporter-output>
  </reporter-output>
  <suite name="Suite" duration-ms="158191" started-at="2020-04-27T16:03:37 IST" finished-at="2020-04-27T16:06:16 IST">
    <groups>
    </groups>
    <test name="LandingPageTest" duration-ms="55925" started-at="2020-04-27T16:03:37 IST" finished-at="2020-04-27T16:04:33 IST">
      <class name="com.automation.qa.testcases.LandingPageTest">
        <test-method status="PASS" signature="setup()[pri:0, instance:com.automation.qa.testcases.LandingPageTest@10dba097]" name="setup" is-config="true" duration-ms="51305" started-at="2020-04-27T16:03:38 IST" finished-at="2020-04-27T16:04:29 IST">
          <reporter-output>
          </reporter-output>
        </test-method> <!-- setup -->
        <test-method status="PASS" signature="landingPageTitleTest()[pri:1, instance:com.automation.qa.testcases.LandingPageTest@10dba097]" name="landingPageTitleTest" duration-ms="13" started-at="2020-04-27T16:04:29 IST" finished-at="2020-04-27T16:04:29 IST">
          <reporter-output>
          </reporter-output>
        </test-method> <!-- landingPageTitleTest -->
        <test-method status="PASS" signature="siteLogoTest()[pri:2, instance:com.automation.qa.testcases.LandingPageTest@10dba097]" name="siteLogoTest" duration-ms="81" started-at="2020-04-27T16:04:29 IST" finished-at="2020-04-27T16:04:29 IST">
          <reporter-output>
          </reporter-output>
        </test-method> <!-- siteLogoTest -->
        <test-method status="PASS" signature="loginClick()[pri:3, instance:com.automation.qa.testcases.LandingPageTest@10dba097]" name="loginClick" duration-ms="2970" started-at="2020-04-27T16:04:29 IST" finished-at="2020-04-27T16:04:32 IST">
          <reporter-output>
          </reporter-output>
        </test-method> <!-- loginClick -->
        <test-method status="PASS" signature="tearDown()[pri:0, instance:com.automation.qa.testcases.LandingPageTest@10dba097]" name="tearDown" is-config="true" duration-ms="1512" started-at="2020-04-27T16:04:32 IST" finished-at="2020-04-27T16:04:33 IST">
          <reporter-output>
          </reporter-output>
        </test-method> <!-- tearDown -->
      </class> <!-- com.automation.qa.testcases.LandingPageTest -->
    </test> <!-- LandingPageTest -->
    <test name="LoginPageTest" duration-ms="33898" started-at="2020-04-27T16:04:34 IST" finished-at="2020-04-27T16:05:07 IST">
      <class name="com.automation.qa.testcases.LoginPageTest">
        <test-method status="PASS" signature="setup()[pri:0, instance:com.automation.qa.testcases.LoginPageTest@5579bb86]" name="setup" is-config="true" duration-ms="28282" started-at="2020-04-27T16:04:34 IST" finished-at="2020-04-27T16:05:02 IST">
          <reporter-output>
          </reporter-output>
        </test-method> <!-- setup -->
        <test-method status="PASS" signature="validateTitle()[pri:1, instance:com.automation.qa.testcases.LoginPageTest@5579bb86]" name="validateTitle" duration-ms="14" started-at="2020-04-27T16:05:02 IST" finished-at="2020-04-27T16:05:02 IST">
          <reporter-output>
          </reporter-output>
        </test-method> <!-- validateTitle -->
        <test-method status="PASS" signature="enterEmailid()[pri:2, instance:com.automation.qa.testcases.LoginPageTest@5579bb86]" name="enterEmailid" duration-ms="1936" started-at="2020-04-27T16:05:02 IST" finished-at="2020-04-27T16:05:04 IST">
          <reporter-output>
          </reporter-output>
        </test-method> <!-- enterEmailid -->
        <test-method status="PASS" signature="enterPassword()[pri:3, instance:com.automation.qa.testcases.LoginPageTest@5579bb86]" name="enterPassword" duration-ms="132" started-at="2020-04-27T16:05:04 IST" finished-at="2020-04-27T16:05:04 IST">
          <reporter-output>
          </reporter-output>
        </test-method> <!-- enterPassword -->
        <test-method status="PASS" signature="clickSignButton()[pri:4, instance:com.automation.qa.testcases.LoginPageTest@5579bb86]" name="clickSignButton" duration-ms="2217" started-at="2020-04-27T16:05:04 IST" finished-at="2020-04-27T16:05:06 IST">
          <reporter-output>
          </reporter-output>
        </test-method> <!-- clickSignButton -->
        <test-method status="PASS" signature="tearDown()[pri:0, instance:com.automation.qa.testcases.LoginPageTest@5579bb86]" name="tearDown" is-config="true" duration-ms="1314" started-at="2020-04-27T16:05:06 IST" finished-at="2020-04-27T16:05:07 IST">
          <reporter-output>
          </reporter-output>
        </test-method> <!-- tearDown -->
      </class> <!-- com.automation.qa.testcases.LoginPageTest -->
    </test> <!-- LoginPageTest -->
    <test name="LoginPageNegativeTest" duration-ms="31978" started-at="2020-04-27T16:05:07 IST" finished-at="2020-04-27T16:05:39 IST">
      <class name="com.automation.qa.testcases.LoginPageNegativeTest">
        <test-method status="PASS" signature="setup()[pri:0, instance:com.automation.qa.testcases.LoginPageNegativeTest@10d59286]" name="setup" is-config="true" duration-ms="26700" started-at="2020-04-27T16:05:07 IST" finished-at="2020-04-27T16:05:34 IST">
          <reporter-output>
          </reporter-output>
        </test-method> <!-- setup -->
        <test-method status="PASS" signature="validateTitle()[pri:1, instance:com.automation.qa.testcases.LoginPageNegativeTest@10d59286]" name="validateTitle" duration-ms="33" started-at="2020-04-27T16:05:34 IST" finished-at="2020-04-27T16:05:34 IST">
          <reporter-output>
          </reporter-output>
        </test-method> <!-- validateTitle -->
        <test-method status="PASS" signature="enterEmailid()[pri:2, instance:com.automation.qa.testcases.LoginPageNegativeTest@10d59286]" name="enterEmailid" duration-ms="1650" started-at="2020-04-27T16:05:34 IST" finished-at="2020-04-27T16:05:36 IST">
          <reporter-output>
          </reporter-output>
        </test-method> <!-- enterEmailid -->
        <test-method status="PASS" signature="enterPassword()[pri:3, instance:com.automation.qa.testcases.LoginPageNegativeTest@10d59286]" name="enterPassword" duration-ms="150" started-at="2020-04-27T16:05:36 IST" finished-at="2020-04-27T16:05:36 IST">
          <reporter-output>
          </reporter-output>
        </test-method> <!-- enterPassword -->
        <test-method status="PASS" signature="clickSignButton()[pri:4, instance:com.automation.qa.testcases.LoginPageNegativeTest@10d59286]" name="clickSignButton" duration-ms="2092" started-at="2020-04-27T16:05:36 IST" finished-at="2020-04-27T16:05:38 IST">
          <reporter-output>
          </reporter-output>
        </test-method> <!-- clickSignButton -->
        <test-method status="PASS" signature="inValidEmailTextDispalyed()[pri:5, instance:com.automation.qa.testcases.LoginPageNegativeTest@10d59286]" name="inValidEmailTextDispalyed" duration-ms="69" started-at="2020-04-27T16:05:38 IST" finished-at="2020-04-27T16:05:38 IST">
          <reporter-output>
          </reporter-output>
        </test-method> <!-- inValidEmailTextDispalyed -->
        <test-method status="PASS" signature="tearDown()[pri:0, instance:com.automation.qa.testcases.LoginPageNegativeTest@10d59286]" name="tearDown" is-config="true" duration-ms="1277" started-at="2020-04-27T16:05:38 IST" finished-at="2020-04-27T16:05:39 IST">
          <reporter-output>
          </reporter-output>
        </test-method> <!-- tearDown -->
      </class> <!-- com.automation.qa.testcases.LoginPageNegativeTest -->
    </test> <!-- LoginPageNegativeTest -->
    <test name="SignUpPageTest" duration-ms="36265" started-at="2020-04-27T16:05:39 IST" finished-at="2020-04-27T16:06:16 IST">
      <class name="com.automation.qa.testcases.SignUpPageTest">
        <test-method status="PASS" signature="setup()[pri:0, instance:com.automation.qa.testcases.SignUpPageTest@24b1d79b]" name="setup" is-config="true" duration-ms="24953" started-at="2020-04-27T16:05:39 IST" finished-at="2020-04-27T16:06:04 IST">
          <reporter-output>
          </reporter-output>
        </test-method> <!-- setup -->
        <test-method status="PASS" signature="enterNewEmailAddress()[pri:1, instance:com.automation.qa.testcases.SignUpPageTest@24b1d79b]" name="enterNewEmailAddress" duration-ms="1859" started-at="2020-04-27T16:06:04 IST" finished-at="2020-04-27T16:06:06 IST">
          <reporter-output>
          </reporter-output>
        </test-method> <!-- enterNewEmailAddress -->
        <test-method status="PASS" signature="validateSignUpPageTitle()[pri:2, instance:com.automation.qa.testcases.SignUpPageTest@24b1d79b]" name="validateSignUpPageTitle" duration-ms="7" started-at="2020-04-27T16:06:06 IST" finished-at="2020-04-27T16:06:06 IST">
          <reporter-output>
          </reporter-output>
        </test-method> <!-- validateSignUpPageTitle -->
        <test-method status="PASS" signature="validateSignUpPageHeaderText()[pri:3, instance:com.automation.qa.testcases.SignUpPageTest@24b1d79b]" name="validateSignUpPageHeaderText" duration-ms="39" started-at="2020-04-27T16:06:06 IST" finished-at="2020-04-27T16:06:06 IST">
          <reporter-output>
          </reporter-output>
        </test-method> <!-- validateSignUpPageHeaderText -->
        <test-method status="PASS" signature="customertitleSelectMale()[pri:4, instance:com.automation.qa.testcases.SignUpPageTest@24b1d79b]" name="customertitleSelectMale" duration-ms="3272" started-at="2020-04-27T16:06:06 IST" finished-at="2020-04-27T16:06:10 IST">
          <reporter-output>
          </reporter-output>
        </test-method> <!-- customertitleSelectMale -->
        <test-method status="PASS" signature="enterCustomerFirstName()[pri:5, instance:com.automation.qa.testcases.SignUpPageTest@24b1d79b]" name="enterCustomerFirstName" duration-ms="154" started-at="2020-04-27T16:06:10 IST" finished-at="2020-04-27T16:06:10 IST">
          <reporter-output>
          </reporter-output>
        </test-method> <!-- enterCustomerFirstName -->
        <test-method status="PASS" signature="enterCustomerLastName()[pri:6, instance:com.automation.qa.testcases.SignUpPageTest@24b1d79b]" name="enterCustomerLastName" duration-ms="208" started-at="2020-04-27T16:06:10 IST" finished-at="2020-04-27T16:06:10 IST">
          <reporter-output>
          </reporter-output>
        </test-method> <!-- enterCustomerLastName -->
        <test-method status="PASS" signature="enterCustomerPassword()[pri:7, instance:com.automation.qa.testcases.SignUpPageTest@24b1d79b]" name="enterCustomerPassword" duration-ms="284" started-at="2020-04-27T16:06:10 IST" finished-at="2020-04-27T16:06:10 IST">
          <reporter-output>
          </reporter-output>
        </test-method> <!-- enterCustomerPassword -->
        <test-method status="PASS" signature="enterDateOfBirth()[pri:8, instance:com.automation.qa.testcases.SignUpPageTest@24b1d79b]" name="enterDateOfBirth" duration-ms="163" started-at="2020-04-27T16:06:10 IST" finished-at="2020-04-27T16:06:10 IST">
          <reporter-output>
          </reporter-output>
        </test-method> <!-- enterDateOfBirth -->
        <test-method status="PASS" signature="enterMonthOfBirth()[pri:9, instance:com.automation.qa.testcases.SignUpPageTest@24b1d79b]" name="enterMonthOfBirth" duration-ms="108" started-at="2020-04-27T16:06:10 IST" finished-at="2020-04-27T16:06:10 IST">
          <reporter-output>
          </reporter-output>
        </test-method> <!-- enterMonthOfBirth -->
        <test-method status="PASS" signature="enterYearOfBirth()[pri:10, instance:com.automation.qa.testcases.SignUpPageTest@24b1d79b]" name="enterYearOfBirth" duration-ms="174" started-at="2020-04-27T16:06:10 IST" finished-at="2020-04-27T16:06:11 IST">
          <reporter-output>
          </reporter-output>
        </test-method> <!-- enterYearOfBirth -->
        <test-method status="PASS" signature="enterAddressLine1()[pri:11, instance:com.automation.qa.testcases.SignUpPageTest@24b1d79b]" name="enterAddressLine1" duration-ms="277" started-at="2020-04-27T16:06:11 IST" finished-at="2020-04-27T16:06:11 IST">
          <reporter-output>
          </reporter-output>
        </test-method> <!-- enterAddressLine1 -->
        <test-method status="PASS" signature="enterCityName()[pri:12, instance:com.automation.qa.testcases.SignUpPageTest@24b1d79b]" name="enterCityName" duration-ms="202" started-at="2020-04-27T16:06:11 IST" finished-at="2020-04-27T16:06:11 IST">
          <reporter-output>
          </reporter-output>
        </test-method> <!-- enterCityName -->
        <test-method status="PASS" signature="enterStateName()[pri:13, instance:com.automation.qa.testcases.SignUpPageTest@24b1d79b]" name="enterStateName" duration-ms="139" started-at="2020-04-27T16:06:11 IST" finished-at="2020-04-27T16:06:11 IST">
          <reporter-output>
          </reporter-output>
        </test-method> <!-- enterStateName -->
        <test-method status="PASS" signature="selectCountryName()[pri:14, instance:com.automation.qa.testcases.SignUpPageTest@24b1d79b]" name="selectCountryName" duration-ms="64" started-at="2020-04-27T16:06:11 IST" finished-at="2020-04-27T16:06:11 IST">
          <reporter-output>
          </reporter-output>
        </test-method> <!-- selectCountryName -->
        <test-method status="PASS" signature="enterPostalCode()[pri:15, instance:com.automation.qa.testcases.SignUpPageTest@24b1d79b]" name="enterPostalCode" duration-ms="120" started-at="2020-04-27T16:06:11 IST" finished-at="2020-04-27T16:06:11 IST">
          <reporter-output>
          </reporter-output>
        </test-method> <!-- enterPostalCode -->
        <test-method status="PASS" signature="enterMobileNumber()[pri:16, instance:com.automation.qa.testcases.SignUpPageTest@24b1d79b]" name="enterMobileNumber" duration-ms="134" started-at="2020-04-27T16:06:11 IST" finished-at="2020-04-27T16:06:12 IST">
          <reporter-output>
          </reporter-output>
        </test-method> <!-- enterMobileNumber -->
        <test-method status="PASS" signature="addressReferenceName()[pri:17, instance:com.automation.qa.testcases.SignUpPageTest@24b1d79b]" name="addressReferenceName" duration-ms="129" started-at="2020-04-27T16:06:12 IST" finished-at="2020-04-27T16:06:12 IST">
          <reporter-output>
          </reporter-output>
        </test-method> <!-- addressReferenceName -->
        <test-method status="PASS" signature="clickOnRegisterButton()[pri:18, instance:com.automation.qa.testcases.SignUpPageTest@24b1d79b]" name="clickOnRegisterButton" duration-ms="2710" started-at="2020-04-27T16:06:12 IST" finished-at="2020-04-27T16:06:14 IST">
          <reporter-output>
          </reporter-output>
        </test-method> <!-- clickOnRegisterButton -->
        <test-method status="PASS" signature="testTileOfMyAccountsPage()[pri:19, instance:com.automation.qa.testcases.SignUpPageTest@24b1d79b]" name="testTileOfMyAccountsPage" duration-ms="15" started-at="2020-04-27T16:06:14 IST" finished-at="2020-04-27T16:06:14 IST">
          <reporter-output>
          </reporter-output>
        </test-method> <!-- testTileOfMyAccountsPage -->
        <test-method status="PASS" signature="validateUserName()[pri:20, instance:com.automation.qa.testcases.SignUpPageTest@24b1d79b]" name="validateUserName" duration-ms="90" started-at="2020-04-27T16:06:14 IST" finished-at="2020-04-27T16:06:15 IST">
          <reporter-output>
          </reporter-output>
        </test-method> <!-- validateUserName -->
        <test-method status="PASS" signature="tearDown()[pri:0, instance:com.automation.qa.testcases.SignUpPageTest@24b1d79b]" name="tearDown" is-config="true" duration-ms="1141" started-at="2020-04-27T16:06:15 IST" finished-at="2020-04-27T16:06:16 IST">
          <reporter-output>
          </reporter-output>
        </test-method> <!-- tearDown -->
      </class> <!-- com.automation.qa.testcases.SignUpPageTest -->
    </test> <!-- SignUpPageTest -->
  </suite> <!-- Suite -->
</testng-results>
