<?xml version="1.0" encoding="UTF-8"?>
<testsuite xmlns:xsi="http://www.w3.org/2001/XMLSchema-instance" xsi:noNamespaceSchemaLocation="https://maven.apache.org/surefire/maven-surefire-plugin/xsd/surefire-test-report.xsd" name="TestSuite" time="96.106" tests="12" errors="0" skipped="0" failures="0">
  <properties>
[...]
</properties>
  <testcase name="landingPageTitleTest" classname="com.automation.qa.testcases.LandingPageTest" time="0.009"/>
  <testcase name="siteLogoTest" classname="com.automation.qa.testcases.LandingPageTest" time="0.074"/>
  <testcase name="loginClick" classname="com.automation.qa.testcases.LandingPageTest" time="2.853"/>
  <testcase name="validateTitle" classname="com.automation.qa.testcases.LoginPageTest" time="0.004"/>
  <testcase name="enterEmailid" classname="com.automation.qa.testcases.LoginPageTest" time="0.066"/>
  <testcase name="enterPassword" classname="com.automation.qa.testcases.LoginPageTest" time="0.039"/>
  <testcase name="clickSignButton" classname="com.automation.qa.testcases.LoginPageTest" time="1.61"/>
  <testcase name="validateTitle" classname="com.automation.qa.testcases.LoginPageNegativeTest" time="0.007"/>
  <testcase name="enterEmailid" classname="com.automation.qa.testcases.LoginPageNegativeTest" time="0.035"/>
  <testcase name="enterPassword" classname="com.automation.qa.testcases.LoginPageNegativeTest" time="0.053"/>
  <testcase name="clickSignButton" classname="com.automation.qa.testcases.LoginPageNegativeTest" time="1.248"/>
  <testcase name="inValidEmailTextDispalyed" classname="com.automation.qa.testcases.LoginPageNegativeTest" time="0.039"/>
</testsuite>