<?xml version="1.0" encoding="UTF-8"?>
<testsuite xmlns:xsi="http://www.w3.org/2001/XMLSchema-instance" xsi:noNamespaceSchemaLocation="https://maven.apache.org/surefire/maven-surefire-plugin/xsd/surefire-test-report.xsd" name="TestSuite" time="100.805" tests="34" errors="0" skipped="0" failures="0">
  <properties>
[...]
</properties>
  <testcase name="landingPageTitleTest" classname="com.automation.qa.testcases.LandingPageTest" time="0.022"/>
  <testcase name="siteLogoTest" classname="com.automation.qa.testcases.LandingPageTest" time="0.06"/>
  <testcase name="loginClick" classname="com.automation.qa.testcases.LandingPageTest" time="1.604"/>
  <testcase name="validateTitle" classname="com.automation.qa.testcases.LoginPageTest" time="0.015"/>
  <testcase name="enterEmailid" classname="com.automation.qa.testcases.LoginPageTest" time="1.215"/>
  <testcase name="enterPassword" classname="com.automation.qa.testcases.LoginPageTest" time="0.116"/>
  <testcase name="clickSignButton" classname="com.automation.qa.testcases.LoginPageTest" time="2.231"/>
  <testcase name="validateTitle" classname="com.automation.qa.testcases.LoginPageNegativeTest" time="0.012"/>
  <testcase name="enterEmailid" classname="com.automation.qa.testcases.LoginPageNegativeTest" time="0.891"/>
  <testcase name="enterPassword" classname="com.automation.qa.testcases.LoginPageNegativeTest" time="0.131"/>
  <testcase name="clickSignButton" classname="com.automation.qa.testcases.LoginPageNegativeTest" time="1.173"/>
  <testcase name="inValidEmailTextDispalyed" classname="com.automation.qa.testcases.LoginPageNegativeTest" time="0.041"/>
  <testcase name="enterNewEmailAddress" classname="com.automation.qa.testcases.SignUpPageTest" time="1.222"/>
  <testcase name="validateSignUpPageTitle" classname="com.automation.qa.testcases.SignUpPageTest" time="0.008"/>
  <testcase name="validateSignUpPageHeaderText" classname="com.automation.qa.testcases.SignUpPageTest" time="0.036"/>
  <testcase name="customertitleSelectMale" classname="com.automation.qa.testcases.SignUpPageTest" time="1.621"/>
  <testcase name="enterCustomerFirstName" classname="com.automation.qa.testcases.SignUpPageTest" time="0.112"/>
  <testcase name="enterCustomerLastName" classname="com.automation.qa.testcases.SignUpPageTest" time="0.119"/>
  <testcase name="enterCustomerPassword" classname="com.automation.qa.testcases.SignUpPageTest" time="0.137"/>
  <testcase name="enterDateOfBirth" classname="com.automation.qa.testcases.SignUpPageTest" time="0.178"/>
  <testcase name="enterMonthOfBirth" classname="com.automation.qa.testcases.SignUpPageTest" time="0.109"/>
  <testcase name="enterYearOfBirth" classname="com.automation.qa.testcases.SignUpPageTest" time="0.095"/>
  <testcase name="enterAddressLine1" classname="com.automation.qa.testcases.SignUpPageTest" time="0.148"/>
  <testcase name="enterCityName" classname="com.automation.qa.testcases.SignUpPageTest" time="0.097"/>
  <testcase name="enterStateName" classname="com.automation.qa.testcases.SignUpPageTest" time="0.093"/>
  <testcase name="selectCountryName" classname="com.automation.qa.testcases.SignUpPageTest" time="0.062"/>
  <testcase name="enterPostalCode" classname="com.automation.qa.testcases.SignUpPageTest" time="0.111"/>
  <testcase name="enterMobileNumber" classname="com.automation.qa.testcases.SignUpPageTest" time="0.137"/>
  <testcase name="addressReferenceName" classname="com.automation.qa.testcases.SignUpPageTest" time="0.121"/>
  <testcase name="clickOnRegisterButton" classname="com.automation.qa.testcases.SignUpPageTest" time="2.558"/>
  <testcase name="testTileOfMyAccountsPage" classname="com.automation.qa.testcases.SignUpPageTest" time="0.012"/>
  <testcase name="validateUserName" classname="com.automation.qa.testcases.SignUpPageTest" time="0.032"/>
  <testcase name="validateHomePageLogo" classname="com.automation.qa.testcases.HomePageTest" time="0.043"/>
  <testcase name="validateContatNumber" classname="com.automation.qa.testcases.HomePageTest" time="0.027"/>
</testsuite>