<?xml version="1.0" encoding="UTF-8"?>
<testng-results skipped="0" failed="0" ignored="0" total="20" passed="20">
  <reporter-output>
  </reporter-output>
  <suite name="Default suite" duration-ms="31931" started-at="2020-04-26T23:39:37 IST" finished-at="2020-04-26T23:40:09 IST">
    <groups>
    </groups>
    <test name="Default test" duration-ms="31931" started-at="2020-04-26T23:39:37 IST" finished-at="2020-04-26T23:40:09 IST">
      <class name="com.automation.qa.testcases.SignUpPageTest">
        <test-method status="PASS" signature="setup()[pri:0, instance:com.automation.qa.testcases.SignUpPageTest@1ee807c6]" name="setup" is-config="true" duration-ms="25070" started-at="2020-04-26T23:39:37 IST" finished-at="2020-04-26T23:40:02 IST">
          <reporter-output>
          </reporter-output>
        </test-method> <!-- setup -->
        <test-method status="PASS" signature="enterNewEmailAddress()[pri:1, instance:com.automation.qa.testcases.SignUpPageTest@1ee807c6]" name="enterNewEmailAddress" duration-ms="318" started-at="2020-04-26T23:40:02 IST" finished-at="2020-04-26T23:40:02 IST">
          <reporter-output>
          </reporter-output>
        </test-method> <!-- enterNewEmailAddress -->
        <test-method status="PASS" signature="validateSignUpPageTitle()[pri:2, instance:com.automation.qa.testcases.SignUpPageTest@1ee807c6]" name="validateSignUpPageTitle" duration-ms="6" started-at="2020-04-26T23:40:02 IST" finished-at="2020-04-26T23:40:02 IST">
          <reporter-output>
          </reporter-output>
        </test-method> <!-- validateSignUpPageTitle -->
        <test-method status="PASS" signature="validateSignUpPageHeaderText()[pri:3, instance:com.automation.qa.testcases.SignUpPageTest@1ee807c6]" name="validateSignUpPageHeaderText" duration-ms="37" started-at="2020-04-26T23:40:02 IST" finished-at="2020-04-26T23:40:02 IST">
          <reporter-output>
          </reporter-output>
        </test-method> <!-- validateSignUpPageHeaderText -->
        <test-method status="PASS" signature="customertitleSelectMale()[pri:4, instance:com.automation.qa.testcases.SignUpPageTest@1ee807c6]" name="customertitleSelectMale" duration-ms="2052" started-at="2020-04-26T23:40:02 IST" finished-at="2020-04-26T23:40:05 IST">
          <reporter-output>
          </reporter-output>
        </test-method> <!-- customertitleSelectMale -->
        <test-method status="PASS" signature="enterCustomerFirstName()[pri:5, instance:com.automation.qa.testcases.SignUpPageTest@1ee807c6]" name="enterCustomerFirstName" duration-ms="26" started-at="2020-04-26T23:40:05 IST" finished-at="2020-04-26T23:40:05 IST">
          <reporter-output>
          </reporter-output>
        </test-method> <!-- enterCustomerFirstName -->
        <test-method status="PASS" signature="enterCustomerLastName()[pri:6, instance:com.automation.qa.testcases.SignUpPageTest@1ee807c6]" name="enterCustomerLastName" duration-ms="36" started-at="2020-04-26T23:40:05 IST" finished-at="2020-04-26T23:40:05 IST">
          <reporter-output>
          </reporter-output>
        </test-method> <!-- enterCustomerLastName -->
        <test-method status="PASS" signature="enterCustomerPassword()[pri:7, instance:com.automation.qa.testcases.SignUpPageTest@1ee807c6]" name="enterCustomerPassword" duration-ms="28" started-at="2020-04-26T23:40:05 IST" finished-at="2020-04-26T23:40:05 IST">
          <reporter-output>
          </reporter-output>
        </test-method> <!-- enterCustomerPassword -->
        <test-method status="PASS" signature="enterDateOfBirth()[pri:8, instance:com.automation.qa.testcases.SignUpPageTest@1ee807c6]" name="enterDateOfBirth" duration-ms="311" started-at="2020-04-26T23:40:05 IST" finished-at="2020-04-26T23:40:05 IST">
          <reporter-output>
          </reporter-output>
        </test-method> <!-- enterDateOfBirth -->
        <test-method status="PASS" signature="enterMonthOfBirth()[pri:9, instance:com.automation.qa.testcases.SignUpPageTest@1ee807c6]" name="enterMonthOfBirth" duration-ms="253" started-at="2020-04-26T23:40:05 IST" finished-at="2020-04-26T23:40:05 IST">
          <reporter-output>
          </reporter-output>
        </test-method> <!-- enterMonthOfBirth -->
        <test-method status="PASS" signature="enterYearOfBirth()[pri:10, instance:com.automation.qa.testcases.SignUpPageTest@1ee807c6]" name="enterYearOfBirth" duration-ms="247" started-at="2020-04-26T23:40:05 IST" finished-at="2020-04-26T23:40:05 IST">
          <reporter-output>
          </reporter-output>
        </test-method> <!-- enterYearOfBirth -->
        <test-method status="PASS" signature="enterAddressLine1()[pri:11, instance:com.automation.qa.testcases.SignUpPageTest@1ee807c6]" name="enterAddressLine1" duration-ms="27" started-at="2020-04-26T23:40:05 IST" finished-at="2020-04-26T23:40:05 IST">
          <reporter-output>
          </reporter-output>
        </test-method> <!-- enterAddressLine1 -->
        <test-method status="PASS" signature="enterCityName()[pri:12, instance:com.automation.qa.testcases.SignUpPageTest@1ee807c6]" name="enterCityName" duration-ms="25" started-at="2020-04-26T23:40:05 IST" finished-at="2020-04-26T23:40:06 IST">
          <reporter-output>
          </reporter-output>
        </test-method> <!-- enterCityName -->
        <test-method status="PASS" signature="enterStateName()[pri:13, instance:com.automation.qa.testcases.SignUpPageTest@1ee807c6]" name="enterStateName" duration-ms="263" started-at="2020-04-26T23:40:06 IST" finished-at="2020-04-26T23:40:06 IST">
          <reporter-output>
          </reporter-output>
        </test-method> <!-- enterStateName -->
        <test-method status="PASS" signature="selectCountryName()[pri:14, instance:com.automation.qa.testcases.SignUpPageTest@1ee807c6]" name="selectCountryName" duration-ms="37" started-at="2020-04-26T23:40:06 IST" finished-at="2020-04-26T23:40:06 IST">
          <reporter-output>
          </reporter-output>
        </test-method> <!-- selectCountryName -->
        <test-method status="PASS" signature="enterPostalCode()[pri:15, instance:com.automation.qa.testcases.SignUpPageTest@1ee807c6]" name="enterPostalCode" duration-ms="21" started-at="2020-04-26T23:40:06 IST" finished-at="2020-04-26T23:40:06 IST">
          <reporter-output>
          </reporter-output>
        </test-method> <!-- enterPostalCode -->
        <test-method status="PASS" signature="enterMobileNumber()[pri:16, instance:com.automation.qa.testcases.SignUpPageTest@1ee807c6]" name="enterMobileNumber" duration-ms="32" started-at="2020-04-26T23:40:06 IST" finished-at="2020-04-26T23:40:06 IST">
          <reporter-output>
          </reporter-output>
        </test-method> <!-- enterMobileNumber -->
        <test-method status="PASS" signature="addressReferenceName()[pri:17, instance:com.automation.qa.testcases.SignUpPageTest@1ee807c6]" name="addressReferenceName" duration-ms="31" started-at="2020-04-26T23:40:06 IST" finished-at="2020-04-26T23:40:06 IST">
          <reporter-output>
          </reporter-output>
        </test-method> <!-- addressReferenceName -->
        <test-method status="PASS" signature="clickOnRegisterButton()[pri:18, instance:com.automation.qa.testcases.SignUpPageTest@1ee807c6]" name="clickOnRegisterButton" duration-ms="1788" started-at="2020-04-26T23:40:06 IST" finished-at="2020-04-26T23:40:08 IST">
          <reporter-output>
          </reporter-output>
        </test-method> <!-- clickOnRegisterButton -->
        <test-method status="PASS" signature="testTileOfMyAccountsPage()[pri:19, instance:com.automation.qa.testcases.SignUpPageTest@1ee807c6]" name="testTileOfMyAccountsPage" duration-ms="4" started-at="2020-04-26T23:40:08 IST" finished-at="2020-04-26T23:40:08 IST">
          <reporter-output>
          </reporter-output>
        </test-method> <!-- testTileOfMyAccountsPage -->
        <test-method status="PASS" signature="validateUserName()[pri:20, instance:com.automation.qa.testcases.SignUpPageTest@1ee807c6]" name="validateUserName" duration-ms="28" started-at="2020-04-26T23:40:08 IST" finished-at="2020-04-26T23:40:08 IST">
          <reporter-output>
          </reporter-output>
        </test-method> <!-- validateUserName -->
        <test-method status="PASS" signature="tearDown()[pri:0, instance:com.automation.qa.testcases.SignUpPageTest@1ee807c6]" name="tearDown" is-config="true" duration-ms="1240" started-at="2020-04-26T23:40:08 IST" finished-at="2020-04-26T23:40:09 IST">
          <reporter-output>
          </reporter-output>
        </test-method> <!-- tearDown -->
      </class> <!-- com.automation.qa.testcases.SignUpPageTest -->
    </test> <!-- Default test -->
  </suite> <!-- Default suite -->
</testng-results>
